<?xml version="1.0" encoding="UTF-8"?>
<testng-results ignored="0" total="1" passed="1" failed="0" skipped="0">
  <reporter-output>
  </reporter-output>
  <suite started-at="2024-05-30T09:55:55 IST" name="Default suite" finished-at="2024-05-30T09:56:13 IST" duration-ms="17580">
    <groups>
    </groups>
    <test started-at="2024-05-30T09:55:55 IST" name="Default test" finished-at="2024-05-30T09:56:13 IST" duration-ms="17580">
      <class name="TestCases.TC_01_Reg">
        <test-method is-config="true" signature="OpenApp()[pri:0, instance:TestCases.TC_01_Reg@2e385cce]" started-at="2024-05-30T09:55:56 IST" name="OpenApp" finished-at="2024-05-30T09:56:06 IST" duration-ms="10953" status="PASS">
          <reporter-output>
          </reporter-output>
        </test-method> <!-- OpenApp -->
        <test-method signature="RegTest()[pri:0, instance:TestCases.TC_01_Reg@2e385cce]" started-at="2024-05-30T09:56:07 IST" name="RegTest" finished-at="2024-05-30T09:56:13 IST" duration-ms="6545" status="PASS">
          <reporter-output>
          </reporter-output>
        </test-method> <!-- RegTest -->
        <test-method is-config="true" signature="closeApp()[pri:0, instance:TestCases.TC_01_Reg@2e385cce]" started-at="2024-05-30T09:56:13 IST" name="closeApp" finished-at="2024-05-30T09:56:13 IST" duration-ms="1" status="PASS">
          <reporter-output>
          </reporter-output>
        </test-method> <!-- closeApp -->
      </class> <!-- TestCases.TC_01_Reg -->
    </test> <!-- Default test -->
  </suite> <!-- Default suite -->
</testng-results>
